<?xml version="1.0" encoding="UTF-8"?>
<testng-results skipped="0" failed="4" total="4" passed="0">
  <reporter-output>
  </reporter-output>
  <suite name="Default suite" duration-ms="7858" started-at="2017-11-06T08:04:39Z" finished-at="2017-11-06T08:04:47Z">
    <groups>
    </groups>
    <test name="Default test" duration-ms="7858" started-at="2017-11-06T08:04:39Z" finished-at="2017-11-06T08:04:47Z">
      <class name="cn.test.framework.tests.InterfaceTest">
        <test-method status="PASS" signature="beforeSuite()[pri:0, instance:cn.test.framework.tests.InterfaceTest@3943a2be]" name="beforeSuite" is-config="true" duration-ms="154" started-at="2017-11-06T16:04:39Z" finished-at="2017-11-06T16:04:39Z">
          <reporter-output>
          </reporter-output>
        </test-method> <!-- beforeSuite -->
        <test-method status="FAIL" signature="test_image_rec(java.util.Map)[pri:0, instance:cn.test.framework.tests.InterfaceTest@3943a2be]" name="test_image_rec" duration-ms="2438" started-at="2017-11-06T16:04:39Z" data-provider="testImageRec" finished-at="2017-11-06T16:04:41Z">
          <params>
            <param index="0">
              <value>
                <![CDATA[{image_name=20141118_180811.jpg, card_number=5428 7943 0948 3007, type=贷记卡, url=/icr/recognize_bank_card?card_number_image=1 , issuer=123, validate=02/14, holder_name=BONG JU SON}]]>
              </value>
            </param>
          </params>
          <exception class="net.sf.json.JSONException">
            <message>
              <![CDATA[A JSONObject text must begin with '{' at character 1 of <html>
<head><title>403 Forbidden</title></head>
<body bgcolor="white">
<center><h1>403 Forbidden</h1></center>
<hr><center>openresty/1.11.2.5</center>
</body>
</html>]]>
            </message>
            <full-stacktrace>
              <![CDATA[net.sf.json.JSONException: A JSONObject text must begin with '{' at character 1 of <html>
<head><title>403 Forbidden</title></head>
<body bgcolor="white">
<center><h1>403 Forbidden</h1></center>
<hr><center>openresty/1.11.2.5</center>
</body>
</html>
	at net.sf.json.util.JSONTokener.syntaxError(JSONTokener.java:499)
	at net.sf.json.JSONObject._fromJSONTokener(JSONObject.java:972)
	at net.sf.json.JSONObject._fromString(JSONObject.java:1201)
	at net.sf.json.JSONObject.fromObject(JSONObject.java:165)
	at net.sf.json.JSONObject.fromObject(JSONObject.java:134)
	at cn.test.framework.tests.InterfaceTest.test_image_rec(InterfaceTest.java:62)
	at sun.reflect.NativeMethodAccessorImpl.invoke0(Native Method)
	at sun.reflect.NativeMethodAccessorImpl.invoke(NativeMethodAccessorImpl.java:62)
	at sun.reflect.DelegatingMethodAccessorImpl.invoke(DelegatingMethodAccessorImpl.java:43)
	at java.lang.reflect.Method.invoke(Method.java:498)
	at org.testng.internal.MethodInvocationHelper.invokeMethod(MethodInvocationHelper.java:86)
	at org.testng.internal.Invoker.invokeMethod(Invoker.java:643)
	at org.testng.internal.Invoker.invokeTestMethod(Invoker.java:820)
	at org.testng.internal.Invoker.invokeTestMethods(Invoker.java:1128)
	at org.testng.internal.TestMethodWorker.invokeTestMethods(TestMethodWorker.java:129)
	at org.testng.internal.TestMethodWorker.run(TestMethodWorker.java:112)
	at org.testng.TestRunner.privateRun(TestRunner.java:782)
	at org.testng.TestRunner.run(TestRunner.java:632)
	at org.testng.SuiteRunner.runTest(SuiteRunner.java:366)
	at org.testng.SuiteRunner.runSequentially(SuiteRunner.java:361)
	at org.testng.SuiteRunner.privateRun(SuiteRunner.java:319)
	at org.testng.SuiteRunner.run(SuiteRunner.java:268)
	at org.testng.SuiteRunnerWorker.runSuite(SuiteRunnerWorker.java:52)
	at org.testng.SuiteRunnerWorker.run(SuiteRunnerWorker.java:86)
	at org.testng.TestNG.runSuitesSequentially(TestNG.java:1244)
	at org.testng.TestNG.runSuitesLocally(TestNG.java:1169)
	at org.testng.TestNG.run(TestNG.java:1064)
	at org.testng.remote.AbstractRemoteTestNG.run(AbstractRemoteTestNG.java:114)
	at org.testng.remote.RemoteTestNG.initAndRun(RemoteTestNG.java:251)
	at org.testng.remote.RemoteTestNG.main(RemoteTestNG.java:77)
]]>
            </full-stacktrace>
          </exception> <!-- net.sf.json.JSONException -->
          <reporter-output>
          </reporter-output>
        </test-method> <!-- test_image_rec -->
        <test-method status="PASS" signature="afterMethod(org.testng.ITestResult)[pri:0, instance:cn.test.framework.tests.InterfaceTest@3943a2be]" name="afterMethod" is-config="true" duration-ms="178" started-at="2017-11-06T16:04:41Z" finished-at="2017-11-06T16:04:41Z">
          <params>
            <param index="0">
              <value>
                <![CDATA[[TestResult name=test_image_rec status=FAILURE method=InterfaceTest.test_image_rec(java.util.Map)[pri:0, instance:cn.test.framework.tests.InterfaceTest@3943a2be] output={null}]]]>
              </value>
            </param>
          </params>
          <reporter-output>
          </reporter-output>
        </test-method> <!-- afterMethod -->
        <test-method status="FAIL" signature="test_image_rec(java.util.Map)[pri:0, instance:cn.test.framework.tests.InterfaceTest@3943a2be]" name="test_image_rec" duration-ms="1549" started-at="2017-11-06T16:04:41Z" data-provider="testImageRec" finished-at="2017-11-06T16:04:43Z">
          <params>
            <param index="0">
              <value>
                <![CDATA[{image_name=20141202_155036.jpg, card_number=9410 0066 1570 0806, type=银行卡, url=/icr/recognize_bank_card?card_number_image=1, issuer=, validate=07/19, holder_name=BYOUNG HONG CHOI}]]>
              </value>
            </param>
          </params>
          <exception class="net.sf.json.JSONException">
            <message>
              <![CDATA[A JSONObject text must begin with '{' at character 1 of <html>
<head><title>403 Forbidden</title></head>
<body bgcolor="white">
<center><h1>403 Forbidden</h1></center>
<hr><center>openresty/1.11.2.5</center>
</body>
</html>]]>
            </message>
            <full-stacktrace>
              <![CDATA[net.sf.json.JSONException: A JSONObject text must begin with '{' at character 1 of <html>
<head><title>403 Forbidden</title></head>
<body bgcolor="white">
<center><h1>403 Forbidden</h1></center>
<hr><center>openresty/1.11.2.5</center>
</body>
</html>
	at net.sf.json.util.JSONTokener.syntaxError(JSONTokener.java:499)
	at net.sf.json.JSONObject._fromJSONTokener(JSONObject.java:972)
	at net.sf.json.JSONObject._fromString(JSONObject.java:1201)
	at net.sf.json.JSONObject.fromObject(JSONObject.java:165)
	at net.sf.json.JSONObject.fromObject(JSONObject.java:134)
	at cn.test.framework.tests.InterfaceTest.test_image_rec(InterfaceTest.java:62)
	at sun.reflect.NativeMethodAccessorImpl.invoke0(Native Method)
	at sun.reflect.NativeMethodAccessorImpl.invoke(NativeMethodAccessorImpl.java:62)
	at sun.reflect.DelegatingMethodAccessorImpl.invoke(DelegatingMethodAccessorImpl.java:43)
	at java.lang.reflect.Method.invoke(Method.java:498)
	at org.testng.internal.MethodInvocationHelper.invokeMethod(MethodInvocationHelper.java:86)
	at org.testng.internal.Invoker.invokeMethod(Invoker.java:643)
	at org.testng.internal.Invoker.invokeTestMethod(Invoker.java:820)
	at org.testng.internal.Invoker.invokeTestMethods(Invoker.java:1128)
	at org.testng.internal.TestMethodWorker.invokeTestMethods(TestMethodWorker.java:129)
	at org.testng.internal.TestMethodWorker.run(TestMethodWorker.java:112)
	at org.testng.TestRunner.privateRun(TestRunner.java:782)
	at org.testng.TestRunner.run(TestRunner.java:632)
	at org.testng.SuiteRunner.runTest(SuiteRunner.java:366)
	at org.testng.SuiteRunner.runSequentially(SuiteRunner.java:361)
	at org.testng.SuiteRunner.privateRun(SuiteRunner.java:319)
	at org.testng.SuiteRunner.run(SuiteRunner.java:268)
	at org.testng.SuiteRunnerWorker.runSuite(SuiteRunnerWorker.java:52)
	at org.testng.SuiteRunnerWorker.run(SuiteRunnerWorker.java:86)
	at org.testng.TestNG.runSuitesSequentially(TestNG.java:1244)
	at org.testng.TestNG.runSuitesLocally(TestNG.java:1169)
	at org.testng.TestNG.run(TestNG.java:1064)
	at org.testng.remote.AbstractRemoteTestNG.run(AbstractRemoteTestNG.java:114)
	at org.testng.remote.RemoteTestNG.initAndRun(RemoteTestNG.java:251)
	at org.testng.remote.RemoteTestNG.main(RemoteTestNG.java:77)
]]>
            </full-stacktrace>
          </exception> <!-- net.sf.json.JSONException -->
          <reporter-output>
          </reporter-output>
        </test-method> <!-- test_image_rec -->
        <test-method status="PASS" signature="afterMethod(org.testng.ITestResult)[pri:0, instance:cn.test.framework.tests.InterfaceTest@3943a2be]" name="afterMethod" is-config="true" duration-ms="66" started-at="2017-11-06T16:04:43Z" finished-at="2017-11-06T16:04:43Z">
          <params>
            <param index="0">
              <value>
                <![CDATA[[TestResult name=test_image_rec status=FAILURE method=InterfaceTest.test_image_rec(java.util.Map)[pri:0, instance:cn.test.framework.tests.InterfaceTest@3943a2be] output={null}]]]>
              </value>
            </param>
          </params>
          <reporter-output>
          </reporter-output>
        </test-method> <!-- afterMethod -->
        <test-method status="FAIL" signature="test_image_rec(java.util.Map)[pri:0, instance:cn.test.framework.tests.InterfaceTest@3943a2be]" name="test_image_rec" duration-ms="1965" started-at="2017-11-06T16:04:43Z" data-provider="testImageRec" finished-at="2017-11-06T16:04:45Z">
          <params>
            <param index="0">
              <value>
                <![CDATA[{image_name=20141118_180811.jpg, card_number=5428 7943 0948 3007, type=贷记卡, url=/icr/recognize_bank_card?card_number_image=1 , issuer=, validate=02/14, holder_name=BONG JU SON}]]>
              </value>
            </param>
          </params>
          <exception class="net.sf.json.JSONException">
            <message>
              <![CDATA[A JSONObject text must begin with '{' at character 1 of <html>
<head><title>403 Forbidden</title></head>
<body bgcolor="white">
<center><h1>403 Forbidden</h1></center>
<hr><center>openresty/1.11.2.5</center>
</body>
</html>]]>
            </message>
            <full-stacktrace>
              <![CDATA[net.sf.json.JSONException: A JSONObject text must begin with '{' at character 1 of <html>
<head><title>403 Forbidden</title></head>
<body bgcolor="white">
<center><h1>403 Forbidden</h1></center>
<hr><center>openresty/1.11.2.5</center>
</body>
</html>
	at net.sf.json.util.JSONTokener.syntaxError(JSONTokener.java:499)
	at net.sf.json.JSONObject._fromJSONTokener(JSONObject.java:972)
	at net.sf.json.JSONObject._fromString(JSONObject.java:1201)
	at net.sf.json.JSONObject.fromObject(JSONObject.java:165)
	at net.sf.json.JSONObject.fromObject(JSONObject.java:134)
	at cn.test.framework.tests.InterfaceTest.test_image_rec(InterfaceTest.java:62)
	at sun.reflect.NativeMethodAccessorImpl.invoke0(Native Method)
	at sun.reflect.NativeMethodAccessorImpl.invoke(NativeMethodAccessorImpl.java:62)
	at sun.reflect.DelegatingMethodAccessorImpl.invoke(DelegatingMethodAccessorImpl.java:43)
	at java.lang.reflect.Method.invoke(Method.java:498)
	at org.testng.internal.MethodInvocationHelper.invokeMethod(MethodInvocationHelper.java:86)
	at org.testng.internal.Invoker.invokeMethod(Invoker.java:643)
	at org.testng.internal.Invoker.invokeTestMethod(Invoker.java:820)
	at org.testng.internal.Invoker.invokeTestMethods(Invoker.java:1128)
	at org.testng.internal.TestMethodWorker.invokeTestMethods(TestMethodWorker.java:129)
	at org.testng.internal.TestMethodWorker.run(TestMethodWorker.java:112)
	at org.testng.TestRunner.privateRun(TestRunner.java:782)
	at org.testng.TestRunner.run(TestRunner.java:632)
	at org.testng.SuiteRunner.runTest(SuiteRunner.java:366)
	at org.testng.SuiteRunner.runSequentially(SuiteRunner.java:361)
	at org.testng.SuiteRunner.privateRun(SuiteRunner.java:319)
	at org.testng.SuiteRunner.run(SuiteRunner.java:268)
	at org.testng.SuiteRunnerWorker.runSuite(SuiteRunnerWorker.java:52)
	at org.testng.SuiteRunnerWorker.run(SuiteRunnerWorker.java:86)
	at org.testng.TestNG.runSuitesSequentially(TestNG.java:1244)
	at org.testng.TestNG.runSuitesLocally(TestNG.java:1169)
	at org.testng.TestNG.run(TestNG.java:1064)
	at org.testng.remote.AbstractRemoteTestNG.run(AbstractRemoteTestNG.java:114)
	at org.testng.remote.RemoteTestNG.initAndRun(RemoteTestNG.java:251)
	at org.testng.remote.RemoteTestNG.main(RemoteTestNG.java:77)
]]>
            </full-stacktrace>
          </exception> <!-- net.sf.json.JSONException -->
          <reporter-output>
          </reporter-output>
        </test-method> <!-- test_image_rec -->
        <test-method status="PASS" signature="afterMethod(org.testng.ITestResult)[pri:0, instance:cn.test.framework.tests.InterfaceTest@3943a2be]" name="afterMethod" is-config="true" duration-ms="36" started-at="2017-11-06T16:04:45Z" finished-at="2017-11-06T16:04:45Z">
          <params>
            <param index="0">
              <value>
                <![CDATA[[TestResult name=test_image_rec status=FAILURE method=InterfaceTest.test_image_rec(java.util.Map)[pri:0, instance:cn.test.framework.tests.InterfaceTest@3943a2be] output={null}]]]>
              </value>
            </param>
          </params>
          <reporter-output>
          </reporter-output>
        </test-method> <!-- afterMethod -->
        <test-method status="FAIL" signature="test_image_rec(java.util.Map)[pri:0, instance:cn.test.framework.tests.InterfaceTest@3943a2be]" name="test_image_rec" duration-ms="1411" started-at="2017-11-06T16:04:45Z" data-provider="testImageRec" finished-at="2017-11-06T16:04:47Z">
          <params>
            <param index="0">
              <value>
                <![CDATA[{image_name=20141202_155036.jpg, card_number=9410 0066 1570 0806, type=银行卡, url=/icr/recognize_bank_card?card_number_image=1, issuer=, validate=07/19, holder_name=BYOUNG HONG CHOI}]]>
              </value>
            </param>
          </params>
          <exception class="net.sf.json.JSONException">
            <message>
              <![CDATA[A JSONObject text must begin with '{' at character 1 of <html>
<head><title>403 Forbidden</title></head>
<body bgcolor="white">
<center><h1>403 Forbidden</h1></center>
<hr><center>openresty/1.11.2.5</center>
</body>
</html>]]>
            </message>
            <full-stacktrace>
              <![CDATA[net.sf.json.JSONException: A JSONObject text must begin with '{' at character 1 of <html>
<head><title>403 Forbidden</title></head>
<body bgcolor="white">
<center><h1>403 Forbidden</h1></center>
<hr><center>openresty/1.11.2.5</center>
</body>
</html>
	at net.sf.json.util.JSONTokener.syntaxError(JSONTokener.java:499)
	at net.sf.json.JSONObject._fromJSONTokener(JSONObject.java:972)
	at net.sf.json.JSONObject._fromString(JSONObject.java:1201)
	at net.sf.json.JSONObject.fromObject(JSONObject.java:165)
	at net.sf.json.JSONObject.fromObject(JSONObject.java:134)
	at cn.test.framework.tests.InterfaceTest.test_image_rec(InterfaceTest.java:62)
	at sun.reflect.NativeMethodAccessorImpl.invoke0(Native Method)
	at sun.reflect.NativeMethodAccessorImpl.invoke(NativeMethodAccessorImpl.java:62)
	at sun.reflect.DelegatingMethodAccessorImpl.invoke(DelegatingMethodAccessorImpl.java:43)
	at java.lang.reflect.Method.invoke(Method.java:498)
	at org.testng.internal.MethodInvocationHelper.invokeMethod(MethodInvocationHelper.java:86)
	at org.testng.internal.Invoker.invokeMethod(Invoker.java:643)
	at org.testng.internal.Invoker.invokeTestMethod(Invoker.java:820)
	at org.testng.internal.Invoker.invokeTestMethods(Invoker.java:1128)
	at org.testng.internal.TestMethodWorker.invokeTestMethods(TestMethodWorker.java:129)
	at org.testng.internal.TestMethodWorker.run(TestMethodWorker.java:112)
	at org.testng.TestRunner.privateRun(TestRunner.java:782)
	at org.testng.TestRunner.run(TestRunner.java:632)
	at org.testng.SuiteRunner.runTest(SuiteRunner.java:366)
	at org.testng.SuiteRunner.runSequentially(SuiteRunner.java:361)
	at org.testng.SuiteRunner.privateRun(SuiteRunner.java:319)
	at org.testng.SuiteRunner.run(SuiteRunner.java:268)
	at org.testng.SuiteRunnerWorker.runSuite(SuiteRunnerWorker.java:52)
	at org.testng.SuiteRunnerWorker.run(SuiteRunnerWorker.java:86)
	at org.testng.TestNG.runSuitesSequentially(TestNG.java:1244)
	at org.testng.TestNG.runSuitesLocally(TestNG.java:1169)
	at org.testng.TestNG.run(TestNG.java:1064)
	at org.testng.remote.AbstractRemoteTestNG.run(AbstractRemoteTestNG.java:114)
	at org.testng.remote.RemoteTestNG.initAndRun(RemoteTestNG.java:251)
	at org.testng.remote.RemoteTestNG.main(RemoteTestNG.java:77)
]]>
            </full-stacktrace>
          </exception> <!-- net.sf.json.JSONException -->
          <reporter-output>
          </reporter-output>
        </test-method> <!-- test_image_rec -->
        <test-method status="PASS" signature="afterMethod(org.testng.ITestResult)[pri:0, instance:cn.test.framework.tests.InterfaceTest@3943a2be]" name="afterMethod" is-config="true" duration-ms="47" started-at="2017-11-06T16:04:47Z" finished-at="2017-11-06T16:04:47Z">
          <params>
            <param index="0">
              <value>
                <![CDATA[[TestResult name=test_image_rec status=FAILURE method=InterfaceTest.test_image_rec(java.util.Map)[pri:0, instance:cn.test.framework.tests.InterfaceTest@3943a2be] output={null}]]]>
              </value>
            </param>
          </params>
          <reporter-output>
          </reporter-output>
        </test-method> <!-- afterMethod -->
        <test-method status="PASS" signature="afterSuite()[pri:0, instance:cn.test.framework.tests.InterfaceTest@3943a2be]" name="afterSuite" is-config="true" duration-ms="15" started-at="2017-11-06T16:04:47Z" finished-at="2017-11-06T16:04:47Z">
          <reporter-output>
          </reporter-output>
        </test-method> <!-- afterSuite -->
      </class> <!-- cn.test.framework.tests.InterfaceTest -->
    </test> <!-- Default test -->
  </suite> <!-- Default suite -->
</testng-results>
